# JRE version: OpenJDK Runtime Environment (16.0.1+9) (build 16.0.1+9-24)
# Java VM: OpenJDK 64-Bit Server VM (16.0.1+9-24, mixed mode, tiered, compressed oops, compressed class ptrs, g1 gc, linux-amd64)
GC Precious Log:
 CPUs: 12 total, 12 available
 Memory: 15869M
 Large Page Support: Disabled
 NUMA Support: Disabled
 Compressed Oops: Enabled (Zero based)
 Heap Region Size: 2M
 Heap Min Capacity: 8M
 Heap Initial Capacity: 248M
 Heap Max Capacity: 3968M
 Pre-touch: Disabled
 Parallel Workers: 10
 Concurrent Workers: 3
 Concurrent Refinement Workers: 10
 Periodic GC: Disabled
Heap:
 garbage-first heap   total 145408K, used 84666K [0x0000000708000000, 0x0000000800000000)
  region size 2048K, 39 young (79872K), 1 survivors (2048K)
 Metaspace       used 26424K, committed 26688K, reserved 1073152K
  class space    used 2515K, committed 2624K, reserved 1048576K
GC Heap History (20 events):
Event: 20.760 GC heap before
{Heap before GC invocations=9 (full 0):
 garbage-first heap   total 36864K, used 26813K [0x0000000708000000, 0x0000000800000000)
  region size 2048K, 10 young (20480K), 1 survivors (2048K)
 Metaspace       used 24906K, committed 25088K, reserved 1073152K
  class space    used 2409K, committed 2496K, reserved 1048576K
}
Event: 20.761 GC heap after
{Heap after GC invocations=10 (full 0):
 garbage-first heap   total 145408K, used 8462K [0x0000000708000000, 0x0000000800000000)
  region size 2048K, 1 young (2048K), 1 survivors (2048K)
 Metaspace       used 24906K, committed 25088K, reserved 1073152K
  class space    used 2409K, committed 2496K, reserved 1048576K
}
Event: 21.021 GC heap before
{Heap before GC invocations=10 (full 0):
 garbage-first heap   total 145408K, used 92430K [0x0000000708000000, 0x0000000800000000)
  region size 2048K, 42 young (86016K), 1 survivors (2048K)
 Metaspace       used 25059K, committed 25280K, reserved 1073152K
  class space    used 2409K, committed 2496K, reserved 1048576K
}
Event: 21.022 GC heap after
{Heap after GC invocations=11 (full 0):
 garbage-first heap   total 145408K, used 8579K [0x0000000708000000, 0x0000000800000000)
  region size 2048K, 1 young (2048K), 1 survivors (2048K)
 Metaspace       used 25059K, committed 25280K, reserved 1073152K
  class space    used 2409K, committed 2496K, reserved 1048576K
}
Event: 76.757 GC heap before
{Heap before GC invocations=11 (full 0):
 garbage-first heap   total 145408K, used 92547K [0x0000000708000000, 0x0000000800000000)
  region size 2048K, 42 young (86016K), 1 survivors (2048K)
 Metaspace       used 26096K, committed 26240K, reserved 1073152K
  class space    used 2508K, committed 2560K, reserved 1048576K
}
Event: 76.759 GC heap after
{Heap after GC invocations=12 (full 0):
 garbage-first heap   total 145408K, used 8850K [0x0000000708000000, 0x0000000800000000)
  region size 2048K, 1 young (2048K), 1 survivors (2048K)
 Metaspace       used 26096K, committed 26240K, reserved 1073152K
  class space    used 2508K, committed 2560K, reserved 1048576K
}
Event: 148.785 GC heap before
{Heap before GC invocations=12 (full 0):
 garbage-first heap   total 145408K, used 92818K [0x0000000708000000, 0x0000000800000000)
  region size 2048K, 42 young (86016K), 1 survivors (2048K)
 Metaspace       used 26184K, committed 26304K, reserved 1073152K
  class space    used 2508K, committed 2560K, reserved 1048576K
}
Event: 148.788 GC heap after
{Heap after GC invocations=13 (full 0):
 garbage-first heap   total 145408K, used 8813K [0x0000000708000000, 0x0000000800000000)
  region size 2048K, 1 young (2048K), 1 survivors (2048K)
 Metaspace       used 26184K, committed 26304K, reserved 1073152K
  class space    used 2508K, committed 2560K, reserved 1048576K
}
Event: 218.816 GC heap before
{Heap before GC invocations=13 (full 0):
 garbage-first heap   total 145408K, used 92781K [0x0000000708000000, 0x0000000800000000)
  region size 2048K, 42 young (86016K), 1 survivors (2048K)
 Metaspace       used 26231K, committed 26368K, reserved 1073152K
  class space    used 2508K, committed 2560K, reserved 1048576K
}
Event: 218.820 GC heap after
{Heap after GC invocations=14 (full 0):
 garbage-first heap   total 145408K, used 8906K [0x0000000708000000, 0x0000000800000000)
  region size 2048K, 1 young (2048K), 1 survivors (2048K)
 Metaspace       used 26231K, committed 26368K, reserved 1073152K
  class space    used 2508K, committed 2560K, reserved 1048576K
}
Event: 288.345 GC heap before
{Heap before GC invocations=14 (full 0):
 garbage-first heap   total 145408K, used 92874K [0x0000000708000000, 0x0000000800000000)
  region size 2048K, 42 young (86016K), 1 survivors (2048K)
 Metaspace       used 26267K, committed 26496K, reserved 1073152K
  class space    used 2510K, committed 2624K, reserved 1048576K
}
Event: 288.348 GC heap after
{Heap after GC invocations=15 (full 0):
 garbage-first heap   total 145408K, used 8827K [0x0000000708000000, 0x0000000800000000)
  region size 2048K, 1 young (2048K), 1 survivors (2048K)
 Metaspace       used 26267K, committed 26496K, reserved 1073152K
  class space    used 2510K, committed 2624K, reserved 1048576K
}
Event: 357.881 GC heap before
{Heap before GC invocations=15 (full 0):
 garbage-first heap   total 145408K, used 92795K [0x0000000708000000, 0x0000000800000000)
  region size 2048K, 42 young (86016K), 1 survivors (2048K)
 Metaspace       used 26318K, committed 26560K, reserved 1073152K
  class space    used 2512K, committed 2624K, reserved 1048576K
}
Event: 357.885 GC heap after
{Heap after GC invocations=16 (full 0):
 garbage-first heap   total 145408K, used 8851K [0x0000000708000000, 0x0000000800000000)
  region size 2048K, 1 young (2048K), 1 survivors (2048K)
 Metaspace       used 26318K, committed 26560K, reserved 1073152K
  class space    used 2512K, committed 2624K, reserved 1048576K
}
Event: 427.398 GC heap before
{Heap before GC invocations=16 (full 0):
 garbage-first heap   total 145408K, used 92819K [0x0000000708000000, 0x0000000800000000)
  region size 2048K, 42 young (86016K), 1 survivors (2048K)
 Metaspace       used 26357K, committed 26624K, reserved 1073152K
  class space    used 2513K, committed 2624K, reserved 1048576K
}
Event: 427.402 GC heap after
{Heap after GC invocations=17 (full 0):
 garbage-first heap   total 145408K, used 8862K [0x0000000708000000, 0x0000000800000000)
  region size 2048K, 1 young (2048K), 1 survivors (2048K)
 Metaspace       used 26357K, committed 26624K, reserved 1073152K
  class space    used 2513K, committed 2624K, reserved 1048576K
}
Event: 495.430 GC heap before
{Heap before GC invocations=17 (full 0):
 garbage-first heap   total 145408K, used 92830K [0x0000000708000000, 0x0000000800000000)
  region size 2048K, 42 young (86016K), 1 survivors (2048K)
 Metaspace       used 26389K, committed 26624K, reserved 1073152K
  class space    used 2514K, committed 2624K, reserved 1048576K
}
Event: 495.434 GC heap after
{Heap after GC invocations=18 (full 0):
 garbage-first heap   total 145408K, used 8800K [0x0000000708000000, 0x0000000800000000)
  region size 2048K, 1 young (2048K), 1 survivors (2048K)
 Metaspace       used 26389K, committed 26624K, reserved 1073152K
  class space    used 2514K, committed 2624K, reserved 1048576K
}
Event: 565.951 GC heap before
{Heap before GC invocations=18 (full 0):
 garbage-first heap   total 145408K, used 92768K [0x0000000708000000, 0x0000000800000000)
  region size 2048K, 42 young (86016K), 1 survivors (2048K)
 Metaspace       used 26389K, committed 26624K, reserved 1073152K
  class space    used 2514K, committed 2624K, reserved 1048576K
}
Event: 565.955 GC heap after
{Heap after GC invocations=19 (full 0):
 garbage-first heap   total 145408K, used 8890K [0x0000000708000000, 0x0000000800000000)
  region size 2048K, 1 young (2048K), 1 survivors (2048K)
 Metaspace       used 26389K, committed 26624K, reserved 1073152K
  class space    used 2514K, committed 2624K, reserved 1048576K
}

